<?xml version="1.0" encoding="UTF-8"?>
<testng-results skipped="0" failed="0" ignored="0" total="3" passed="3">
  <reporter-output>
    <line>
      <![CDATA[kkuu]]>
    </line>
    <line>
      <![CDATA[hai]]>
    </line>
    <line>
      <![CDATA[kk]]>
    </line>
  </reporter-output>
  <suite name="Suite" duration-ms="75" started-at="2018-02-09T10:36:53Z" finished-at="2018-02-09T10:36:53Z">
    <groups>
      <group name="ram2">
        <method signature="NewTest.f1()[pri:1, instance:testing.NewTest@23ceabc1]" name="f1" class="testing.NewTest"/>
      </group> <!-- ram2 -->
      <group name="ram">
        <method signature="NewTest.f()[pri:3, instance:testing.NewTest@23ceabc1]" name="f" class="testing.NewTest"/>
        <method signature="NewTest.f3()[pri:2, instance:testing.NewTest@23ceabc1]" name="f3" class="testing.NewTest"/>
      </group> <!-- ram -->
    </groups>
    <test name="Test" duration-ms="75" started-at="2018-02-09T10:36:53Z" finished-at="2018-02-09T10:36:53Z">
      <class name="testing.NewTest">
        <test-method status="PASS" signature="f1()[pri:1, instance:testing.NewTest@23ceabc1]" name="f1" duration-ms="15" started-at="2018-02-09T16:06:53Z" finished-at="2018-02-09T16:06:53Z">
          <reporter-output>
            <line>
              <![CDATA[kkuu]]>
            </line>
          </reporter-output>
        </test-method> <!-- f1 -->
        <test-method status="PASS" signature="f3()[pri:2, instance:testing.NewTest@23ceabc1]" name="f3" duration-ms="7" started-at="2018-02-09T16:06:53Z" finished-at="2018-02-09T16:06:53Z">
          <reporter-output>
            <line>
              <![CDATA[hai]]>
            </line>
          </reporter-output>
        </test-method> <!-- f3 -->
        <test-method status="PASS" signature="f()[pri:3, instance:testing.NewTest@23ceabc1]" name="f" duration-ms="7" started-at="2018-02-09T16:06:53Z" finished-at="2018-02-09T16:06:53Z">
          <reporter-output>
            <line>
              <![CDATA[kk]]>
            </line>
          </reporter-output>
        </test-method> <!-- f -->
      </class> <!-- testing.NewTest -->
    </test> <!-- Test -->
  </suite> <!-- Suite -->
</testng-results>
